[2022-11-30 18:21:18] testing.ERROR: Illuminate\Translation\Translator::get(): Argument #2 ($replace) must be of type array, null given, called in /var/www/html/vendor/laravel/framework/src/Illuminate/Support/Facades/Facade.php on line 338 {"exception":"[object] (TypeError(code: 0): Illuminate\\Translation\\Translator::get(): Argument #2 ($replace) must be of type array, null given, called in /var/www/html/vendor/laravel/framework/src/Illuminate/Support/Facades/Facade.php on line 338 at /var/www/html/vendor/laravel/framework/src/Illuminate/Translation/Translator.php:107)
[stacktrace]
#0 /var/www/html/vendor/laravel/framework/src/Illuminate/Support/Facades/Facade.php(338): Illuminate\\Translation\\Translator->get()
#1 /var/www/html/app/Http/Responses/Common/TokenResponse.php(23): Illuminate\\Support\\Facades\\Facade::__callStatic()
#2 /var/www/html/app/Http/Middleware/AuthorizationToken.php(50): App\\Http\\Responses\\Common\\TokenResponse->faildNoToken()
#3 /var/www/html/vendor/laravel/framework/src/Illuminate/Pipeline/Pipeline.php(180): App\\Http\\Middleware\\AuthorizationToken->handle()
#4 /var/www/html/vendor/laravel/framework/src/Illuminate/Foundation/Http/Middleware/TransformsRequest.php(21): Illuminate\\Pipeline\\Pipeline->Illuminate\\Pipeline\\{closure}()
#5 /var/www/html/vendor/laravel/framework/src/Illuminate/Foundation/Http/Middleware/ConvertEmptyStringsToNull.php(31): Illuminate\\Foundation\\Http\\Middleware\\TransformsRequest->handle()
#6 /var/www/html/vendor/laravel/framework/src/Illuminate/Pipeline/Pipeline.php(180): Illuminate\\Foundation\\Http\\Middleware\\ConvertEmptyStringsToNull->handle()
#7 /var/www/html/vendor/laravel/framework/src/Illuminate/Foundation/Http/Middleware/TransformsRequest.php(21): Illuminate\\Pipeline\\Pipeline->Illuminate\\Pipeline\\{closure}()
#8 /var/www/html/vendor/laravel/framework/src/Illuminate/Foundation/Http/Middleware/TrimStrings.php(40): Illuminate\\Foundation\\Http\\Middleware\\TransformsRequest->handle()
#9 /var/www/html/vendor/laravel/framework/src/Illuminate/Pipeline/Pipeline.php(180): Illuminate\\Foundation\\Http\\Middleware\\TrimStrings->handle()
#10 /var/www/html/vendor/laravel/framework/src/Illuminate/Foundation/Http/Middleware/ValidatePostSize.php(27): Illuminate\\Pipeline\\Pipeline->Illuminate\\Pipeline\\{closure}()
#11 /var/www/html/vendor/laravel/framework/src/Illuminate/Pipeline/Pipeline.php(180): Illuminate\\Foundation\\Http\\Middleware\\ValidatePostSize->handle()
#12 /var/www/html/vendor/laravel/framework/src/Illuminate/Foundation/Http/Middleware/PreventRequestsDuringMaintenance.php(86): Illuminate\\Pipeline\\Pipeline->Illuminate\\Pipeline\\{closure}()
#13 /var/www/html/vendor/laravel/framework/src/Illuminate/Pipeline/Pipeline.php(180): Illuminate\\Foundation\\Http\\Middleware\\PreventRequestsDuringMaintenance->handle()
#14 /var/www/html/vendor/laravel/framework/src/Illuminate/Http/Middleware/HandleCors.php(49): Illuminate\\Pipeline\\Pipeline->Illuminate\\Pipeline\\{closure}()
#15 /var/www/html/vendor/laravel/framework/src/Illuminate/Pipeline/Pipeline.php(180): Illuminate\\Http\\Middleware\\HandleCors->handle()
#16 /var/www/html/vendor/laravel/framework/src/Illuminate/Http/Middleware/TrustProxies.php(39): Illuminate\\Pipeline\\Pipeline->Illuminate\\Pipeline\\{closure}()
#17 /var/www/html/vendor/laravel/framework/src/Illuminate/Pipeline/Pipeline.php(180): Illuminate\\Http\\Middleware\\TrustProxies->handle()
#18 /var/www/html/vendor/laravel/framework/src/Illuminate/Pipeline/Pipeline.php(116): Illuminate\\Pipeline\\Pipeline->Illuminate\\Pipeline\\{closure}()
#19 /var/www/html/vendor/laravel/framework/src/Illuminate/Foundation/Http/Kernel.php(142): Illuminate\\Pipeline\\Pipeline->then()
#20 /var/www/html/vendor/laravel/framework/src/Illuminate/Foundation/Http/Kernel.php(111): Illuminate\\Foundation\\Http\\Kernel->sendRequestThroughRouter()
#21 /var/www/html/vendor/laravel/framework/src/Illuminate/Foundation/Testing/Concerns/MakesHttpRequests.php(538): Illuminate\\Foundation\\Http\\Kernel->handle()
#22 /var/www/html/vendor/laravel/framework/src/Illuminate/Foundation/Testing/Concerns/MakesHttpRequests.php(305): Illuminate\\Foundation\\Testing\\TestCase->call()
#23 /var/www/html/tests/Feature/ExampleTest.php(17): Illuminate\\Foundation\\Testing\\TestCase->get()
#24 /var/www/html/vendor/phpunit/phpunit/src/Framework/TestCase.php(1545): Tests\\Feature\\ExampleTest->test_the_application_returns_a_successful_response()
#25 /var/www/html/vendor/phpunit/phpunit/src/Framework/TestCase.php(1151): PHPUnit\\Framework\\TestCase->runTest()
#26 /var/www/html/vendor/phpunit/phpunit/src/Framework/TestResult.php(726): PHPUnit\\Framework\\TestCase->runBare()
#27 /var/www/html/vendor/phpunit/phpunit/src/Framework/TestCase.php(903): PHPUnit\\Framework\\TestResult->run()
#28 /var/www/html/vendor/phpunit/phpunit/src/Framework/TestSuite.php(672): PHPUnit\\Framework\\TestCase->run()
#29 /var/www/html/vendor/phpunit/phpunit/src/Framework/TestSuite.php(672): PHPUnit\\Framework\\TestSuite->run()
#30 /var/www/html/vendor/phpunit/phpunit/src/Framework/TestSuite.php(672): PHPUnit\\Framework\\TestSuite->run()
#31 /var/www/html/vendor/phpunit/phpunit/src/TextUI/TestRunner.php(673): PHPUnit\\Framework\\TestSuite->run()
#32 /var/www/html/vendor/phpunit/phpunit/src/TextUI/Command.php(143): PHPUnit\\TextUI\\TestRunner->run()
#33 /var/www/html/vendor/phpunit/phpunit/src/TextUI/Command.php(96): PHPUnit\\TextUI\\Command->run()
#34 /var/www/html/vendor/phpunit/phpunit/phpunit(98): PHPUnit\\TextUI\\Command::main()
#35 {main}
"} 
